C51 COMPILER V9.52.0.0   MAIN                                                              05/18/2017 11:04:46 PAGE 1   


C51 COMPILER V9.52.0.0, COMPILATION OF MODULE MAIN
OBJECT MODULE PLACED IN .\output\main.obj
COMPILER INVOKED BY: D:\Keil\C51\BIN\C51.EXE main.c BROWSE INCDIR(..\FWLib;..\SI24R1) DEBUG OBJECTEXTEND PRINT(.\listing
                    -\main.lst) TABS(2) OBJECT(.\output\main.obj)

line level    source

   1          #include "SI24R1.h"
   2          #include "delay.h"
   3          //按键及指示灯管脚定义
   4          #define LED3    P16
   5          #define LED4    P35
   6          #define KEY1    P30
   7          #define KEY2    P31
   8          
   9          void main(void)
  10          {
  11   1        KEY1 = 1;
  12   1        KEY2 = 1;
  13   1        SI24R1_Init();
  14   1        SI24R1_RX_Mode();
  15   1        while(1)
  16   1        {
  17   2          u8 buf[32] = {0};
  18   2          KEY1 = 1;
  19   2          KEY2 = 1;
  20   2          if(!KEY1 || !KEY2)
  21   2          {
  22   3            delay_ms(10);
  23   3            if(!KEY1)
  24   3            {
  25   4              buf[0] = 0x55;
  26   4              SI24R1_TX_Mode();
  27   4              SI24R1_TxPacket(buf);
  28   4              delay_ms(200);
  29   4            }
  30   3            if(!KEY2)
  31   3            {
  32   4              buf[0] = 0xAA;
  33   4              SI24R1_TX_Mode();
  34   4              SI24R1_TxPacket(buf);
  35   4              delay_ms(200);
  36   4            }
  37   3            buf[0] = 0;
  38   3            SI24R1_RX_Mode();
  39   3          } 
  40   2          
  41   2          if(!SI24R1_RxPacket(buf))
  42   2          {
  43   3            switch(buf[0])
  44   3            {
  45   4              case 0x55:
  46   4                LED3 = 0;
  47   4                delay_ms(100);
  48   4                LED3 = 1;
  49   4                delay_ms(100);
  50   4                break;
  51   4              case 0xAA:
  52   4                LED4 = 0;
  53   4                delay_ms(100);
  54   4                LED4 = 1;
C51 COMPILER V9.52.0.0   MAIN                                                              05/18/2017 11:04:46 PAGE 2   

  55   4                delay_ms(100);
  56   4                break;
  57   4              default:
  58   4                break;
  59   4            }
  60   3            buf[0] = 0; 
  61   3          }
  62   2          
  63   2        }
  64   1      }
  65          


MODULE INFORMATION:   STATIC OVERLAYABLE
   CODE SIZE        =    149    ----
   CONSTANT SIZE    =     32    ----
   XDATA SIZE       =   ----    ----
   PDATA SIZE       =   ----    ----
   DATA SIZE        =   ----      32
   IDATA SIZE       =   ----    ----
   BIT SIZE         =   ----    ----
END OF MODULE INFORMATION.


C51 COMPILATION COMPLETE.  0 WARNING(S),  0 ERROR(S)
